nohup: bin/go-wechatv1: No such file or directory
2017/05/23 16:40:03 start
2017/05/23 16:40:32 start
2017/05/23 16:40:52 start
2017/05/23 16:49:47 start
2017/05/23 16:50:52 start
2017/05/23 16:51:35 start
2017/05/23 17:44:59 cfg.json
2017/05/23 17:44:59 parse config file cfg.json error: unexpected end of JSON input
2017/05/23 17:49:33 cfg.json
2017/05/23 17:49:33 g.ParseConfig ok, file cfg.json
2017/05/23 20:15:25 cfg.json
2017/05/23 20:15:25 g.ParseConfig ok, file cfg.json
2017/05/23 20:15:49 cfg.json
2017/05/23 20:15:49 g.ParseConfig ok, file cfg.json
2017/05/23 20:25:40 cfg.json
2017/05/23 20:25:40 g.ParseConfig ok, file cfg.json
2017/05/23 20:29:44 cfg.json
2017/05/23 20:29:44 g.ParseConfig ok, file cfg.json
2017/05/23 20:31:20 cfg.json
2017/05/23 20:31:20 g.ParseConfig ok, file cfg.json
2017/05/23 20:31:20 &{true data/log.log  0xc4200e2680 0xc420078440 0xc42007f380 <nil> 0xc4200e2780 0xc42007b3d0 [0xc4200a61b0] 0xc4200784c0}
2017/05/23 20:31:20 &{true data/log.log  0xc4200e2680 0xc420078440 0xc42007f380 <nil> 0xc4200e2780 0xc42007b3d0 [0xc4200a61b0] 0xc4200784c0}
2017/05/23 20:35:53 cfg.json
2017/05/23 20:35:53 g.ParseConfig ok, file cfg.json
2017/05/23 20:35:53 true
2017/05/23 21:57:11 cfg.json
2017/05/23 21:57:11 g.ParseConfig ok, file cfg.json
2017/05/23 21:57:11 true
2017/05/23 22:11:29 cfg.json
2017/05/23 22:11:29 g.ParseConfig ok, file cfg.json
2017/05/23 22:11:29 g.InitWxConfig ok
2017/05/23 22:11:29 &{gh_8xxxx  wxaccxxxx xxx xxxxx   true 欢迎来到云喇叭，网购炫货求点赞，上传宝贝试一试！（努力开发中...）}
2017/05/23 22:11:29 true
2017/05/23 22:12:06 cfg.json
2017/05/23 22:12:06 g.ParseConfig ok, file cfg.json
2017/05/23 22:12:06 g.InitWxConfig ok
2017/05/23 22:12:06 &{gh_8xxxx  wxaccxxxx xxx xxxxx   true 欢迎来到云喇叭，网购炫货求点赞，上传宝贝试一试！（努力开发中...）}
2017/05/23 22:12:06 true
2017/05/23 22:12:45 cfg.json
2017/05/23 22:12:45 g.ParseConfig ok, file cfg.json
2017/05/23 22:12:45 g.InitWxConfig ok
2017/05/23 22:12:45 &{gh_8xxxx  wxaccxxxx xxx xxxxx   true 欢迎来到云喇叭，网购炫货求点赞，上传宝贝试一试！（努力开发中...）}
2017/05/23 22:17:38 cfg.json
2017/05/23 22:17:38 g.ParseConfig ok, file cfg.json
2017/05/23 22:17:38 g.InitWxConfig ok
panic: assignment to entry in nil map

goroutine 1 [running]:
panic(0x236f40, 0xc42007b620)
	/usr/local/Cellar/go/1.7/libexec/src/runtime/panic.go:500 +0x1a1
g.InitWxConfig()
	/Users/apple/go/wechatv1/src/g/wechat.go:17 +0x11a
main.main()
	/Users/apple/go/wechatv1/main.go:22 +0x155
2017/05/23 22:18:16 cfg.json
2017/05/23 22:18:16 g.ParseConfig ok, file cfg.json
2017/05/23 22:18:16 g.InitWxConfig ok
2017/05/23 22:18:16 &{gh_8xxxx  wxaccxxxx xxx xxxxx   true 欢迎来到云喇叭，网购炫货求点赞，上传宝贝试一试！（努力开发中...）}
2017/05/23 22:20:19 cfg.json
2017/05/23 22:20:19 g.ParseConfig ok, file cfg.json
2017/05/23 22:20:19 g.InitWxConfig ok
2017/05/23 22:20:19 map[gh_8xxxx:0xc42001a1b0]
2017/05/23 22:23:05 cfg.json
2017/05/23 22:23:05 g.ParseConfig ok, file cfg.json
2017/05/23 22:23:05 g.InitWxConfig ok
2017/05/23 22:23:05 <nil>
2017/05/23 22:24:13 cfg.json
2017/05/23 22:24:13 g.ParseConfig ok, file cfg.json
2017/05/23 22:24:13 g.InitWxConfig ok
2017/05/23 22:24:13 &{gh_8ac8a8821eb9  wxaccxxxx weixin aeskey   true 欢迎来到云喇叭，网购炫货求点赞，上传宝贝试一试！（努力开发中...）}
2017/05/23 22:25:29 cfg.json
2017/05/23 22:25:29 g.ParseConfig ok, file cfg.json
2017/05/23 22:25:29 g.InitWxConfig ok
2017/05/23 22:25:29 &{gh_8ac8a8821eb8  wxaccxxxx weixin aeskey   true 欢迎来到云喇叭，网购炫货求点赞，上传宝贝试一试！（努力开发中...）}
